SF:lib\src\services\StringExtensions.dart
DA:2,1
DA:3,1
DA:6,5
LF:3
LH:3
end_of_record
SF:lib\src\services\ColorService.dart
DA:5,1
DA:6,1
DA:7,1
DA:9,1
DA:11,1
LF:5
LH:5
end_of_record
SF:lib\src\utils\constants.dart
DA:62,0
DA:66,0
DA:70,0
DA:77,0
DA:78,0
DA:79,0
DA:80,0
DA:81,0
LF:8
LH:0
end_of_record
SF:lib\src\models\record.dart
DA:16,1
DA:27,0
DA:40,0
DA:53,0
DA:55,0
DA:56,0
DA:57,0
DA:58,0
DA:59,0
DA:60,0
DA:61,0
DA:62,0
DA:63,0
DA:64,0
DA:65,0
DA:68,0
DA:69,0
DA:71,0
DA:72,0
DA:73,0
DA:75,0
DA:76,0
DA:77,0
DA:78,0
DA:79,0
DA:80,0
DA:81,0
DA:82,0
DA:83,0
DA:86,0
DA:92,0
DA:93,0
DA:96,0
DA:97,0
DA:98,0
DA:99,0
DA:100,0
DA:101,0
DA:102,0
DA:104,0
DA:105,0
DA:108,0
DA:109,0
DA:110,0
DA:113,0
DA:114,0
DA:117,0
DA:118,0
DA:119,0
DA:120,0
DA:121,0
DA:125,0
DA:126,0
DA:129,0
DA:130,0
DA:141,1
DA:142,1
DA:143,1
DA:144,1
DA:146,2
DA:148,2
DA:150,4
DA:152,2
DA:159,1
DA:160,1
DA:166,1
DA:167,1
DA:168,1
DA:171,1
DA:172,2
DA:173,3
DA:178,0
DA:180,0
DA:181,0
DA:182,0
DA:183,0
DA:184,0
DA:185,0
DA:186,0
DA:187,0
DA:188,0
LF:81
LH:17
end_of_record
SF:lib\src\services\TimeService.dart
DA:6,0
DA:8,1
DA:10,2
DA:13,1
DA:14,1
DA:15,1
DA:16,0
DA:18,2
DA:22,2
DA:23,2
DA:24,2
DA:25,3
DA:26,1
DA:29,1
DA:31,2
DA:34,1
DA:35,2
DA:36,3
DA:37,3
DA:39,1
DA:42,1
DA:44,1
DA:45,1
DA:49,0
DA:53,0
DA:55,0
DA:56,0
DA:57,0
DA:58,0
DA:60,0
DA:71,0
DA:72,0
DA:73,0
DA:74,0
DA:75,0
DA:77,0
DA:80,0
DA:82,0
DA:83,0
DA:84,0
DA:85,0
LF:41
LH:21
end_of_record
